Arguments: 
  C:\Program Files\nodejs\node.exe C:\Users\bandu\AppData\Local\Yarn\Data\global\node_modules\yarn\bin\yarn.js add gatsby-plugin-postcss tailwindcss@latest postcss@latest autoprefixer@latest

PATH: 
  D:\GitHub\personal-website-v3\node_modules\.bin;C:\Program Files\AdoptOpenJDK\jre-15.0.1.9-hotspot\bin;C:\Python39\Scripts\;C:\Python39\;C:\Program Files (x86)\Common Files\Intel\Shared Libraries\redist\intel64\compiler;C:\Python38\Scripts\;C:\Python38\;C:\Windows\system32;C:\Windows;C:\Windows\System32\Wbem;C:\Windows\System32\WindowsPowerShell\v1.0\;C:\Windows\System32\OpenSSH\;C:\Program Files\NVIDIA Corporation\NVIDIA NvDLISR;C:\Program Files\dotnet\;C:\Program Files (x86)\NVIDIA Corporation\PhysX\Common;C:\Program Files\Microsoft SQL Server\Client SDK\ODBC\170\Tools\Binn\;C:\Users\bandu\AppData\Local\Microsoft\WindowsApps;C:\Users\bandu\AppData\Local\Programs\Microsoft VS Code\bin;C:\Users\bandu\AppData\Local\JetBrains\Toolbox\apps\IDEA-C\ch-0\191.7479.19\bin;C:\Users\bandu\AppData\Local\JetBrains\Toolbox\apps\AndroidStudio\ch-0\183.5522156\bin;C:\Program Files\Microsoft SQL Server\Client SDK\ODBC\130\Tools\Binn\;C:\WINDOWS\system32;C:\WINDOWS;C:\WINDOWS\System32\Wbem;C:\WINDOWS\System32\WindowsPowerShell\v1.0\;C:\WINDOWS\System32\OpenSSH\;C:\ProgramData\chocolatey\bin;C:\tools\php74;C:\tools;C:\Program Files\PostgreSQL\12\bin;C:\Program Files (x86)\Microsoft SQL Server\Client SDK\ODBC\130\Tools\Binn\;C:\Program Files (x86)\Microsoft SQL Server\130\Tools\Binn\;C:\Program Files (x86)\Microsoft SQL Server\130\DTS\Binn\;C:\Program Files (x86)\Microsoft SQL Server\130\Tools\Binn\ManagementStudio\;C:\Program Files (x86)\Microsoft SQL Server\150\Tools\Binn\;C:\Program Files\Microsoft SQL Server\150\Tools\Binn\;C:\Program Files\Microsoft SQL Server\150\DTS\Binn\;C:\Program Files\Microsoft SQL Server\130\Tools\Binn\;C:\Program Files\Java\jdk1.8.0_211\bin;C:\xampp\php;C:\Users\bandu\AppData\Local\Yarn\bin;C:\ProgramData\ComposerSetup\bin;C:\Program Files (x86)\Microsoft SQL Server\150\DTS\Binn\;C:\Users\bandu\.deno\bin;C:\Program Files\R\R-4.0.2\bin;C:\Program Files\Git\cmd;C:\Program Files\OpenJDK\jdk-15.0.1\bin;C:\Go\bin;C:\Program Files\nodejs\;C:\Users\bandu\AppData\Local\Microsoft\WindowsApps;C:\Users\bandu\AppData\Local\Programs\Microsoft VS Code\bin;C:\Users\bandu\AppData\Local\GitHubDesktop\bin;C:\Users\bandu\.dotnet\tools;C:\Users\bandu\AppData\Local\hyper\app-3.0.2\resources\bin;C:\Program Files\heroku\bin;C:\Users\bandu\AppData\Local\Microsoft\WindowsApps;C:\Users\bandu\AppData\Roaming\Composer\vendor\bin;C:\ProgramData\chocolatey\lib\mingw\tools\install\mingw64\bin;C:\tools\dart-sdk\bin;C:\Users\bandu\AppData\Roaming\Pub\Cache\bin;C:\tools\bin;C:\tools\flutter\bin;C:\Users\bandu\.dotnet\tools;C:\Users\bandu\go\bin;C:\Users\bandu\AppData\Roaming\npm

Yarn version: 
  1.22.10

Node version: 
  15.3.0

Platform: 
  win32 x64

Trace: 
  Error: EPERM: operation not permitted, copyfile 'C:\Users\bandu\AppData\Local\Yarn\Cache\v6\npm-gatsby-transformer-sharp-2.9.0-d29733737f5f28ba11533b4e867883095a0f7178-integrity\node_modules\gatsby-transformer-sharp\src\create-resolvers.js' -> 'D:\GitHub\personal-website-v3\node_modules\gatsby-transformer-sharp\src\create-resolvers.js'

npm manifest: 
  {
    "name": "personal-website-v3",
    "version": "1.0.0",
    "private": true,
    "description": "personal-website-v3",
    "author": "Brandon Julio Thenaro",
    "keywords": [
      "gatsby"
    ],
    "scripts": {
      "develop": "gatsby develop",
      "start": "gatsby develop",
      "build": "gatsby build",
      "serve": "gatsby serve",
      "clean": "gatsby clean"
    },
    "license": "0BSD",
    "dependencies": {
      "gatsby": "^2.26.1",
      "gatsby-image": "^2.8.0",
      "gatsby-plugin-google-analytics": "^2.8.0",
      "gatsby-plugin-manifest": "^2.9.0",
      "gatsby-plugin-offline": "^3.7.0",
      "gatsby-plugin-react-helmet": "^3.7.0",
      "gatsby-plugin-sharp": "^2.11.1",
      "gatsby-plugin-sitemap": "^2.9.0",
      "gatsby-source-filesystem": "^2.8.0",
      "gatsby-transformer-sharp": "^2.9.0",
      "react": "^16.13.1",
      "react-dom": "^16.13.1",
      "react-helmet": "^6.1.0"
    }
  }

yarn manifest: 
  No manifest

Lockfile: 
  No lockfile
